<?xml version="1.0" encoding="UTF-8"?>
<testng-results skipped="0" failed="0" ignored="0" total="1" passed="1">
  <reporter-output>
  </reporter-output>
  <suite name="Default suite" duration-ms="46877" started-at="2021-06-23T17:36:13Z" finished-at="2021-06-23T17:37:00Z">
    <groups>
    </groups>
    <test name="Default test" duration-ms="46877" started-at="2021-06-23T17:36:13Z" finished-at="2021-06-23T17:37:00Z">
      <class name="com.automationTestcases.LoginCRM">
        <test-method status="PASS" signature="setup()[pri:0, instance:com.automationTestcases.LoginCRM@be92ad]" name="setup" is-config="true" duration-ms="41243" started-at="2021-06-23T23:06:13Z" finished-at="2021-06-23T23:06:54Z">
          <reporter-output>
          </reporter-output>
        </test-method> <!-- setup -->
        <test-method status="PASS" signature="logInapp()[pri:0, instance:com.automationTestcases.LoginCRM@be92ad]" name="logInapp" duration-ms="3527" started-at="2021-06-23T23:06:54Z" finished-at="2021-06-23T23:06:58Z">
          <reporter-output>
          </reporter-output>
        </test-method> <!-- logInapp -->
        <test-method status="PASS" signature="terminateapp()[pri:0, instance:com.automationTestcases.LoginCRM@be92ad]" name="terminateapp" is-config="true" duration-ms="1949" started-at="2021-06-23T23:06:58Z" finished-at="2021-06-23T23:07:00Z">
          <reporter-output>
          </reporter-output>
        </test-method> <!-- terminateapp -->
      </class> <!-- com.automationTestcases.LoginCRM -->
    </test> <!-- Default test -->
  </suite> <!-- Default suite -->
</testng-results>
